<?xml version="1.0" encoding="UTF-8"?>
<!-- Generated by org.testng.reporters.JUnitXMLReporter -->
<testsuite ignored="5" hostname="Alans-MacBook-Air.local" failures="0" tests="25" name="Pre-submission, Submission, and Approval" time="1.221" errors="0" timestamp="2024-07-16T17:12:29 EDT">
  <testcase classname="com.finalproject.loanAPITests" name="postReqUserAuth" time="0.554"/>
  <testcase classname="com.finalproject.loanAPITests" name="postReqUserAuth" time="0.017"/>
  <testcase classname="com.finalproject.loanAPITests" name="postReqUserAuth" time="0.016"/>
  <testcase classname="com.finalproject.loanAPITests" name="postReqUserAuth" time="0.016"/>
  <testcase classname="com.finalproject.loanAPITests" name="postReqUserAuth" time="0.014"/>
  <testcase classname="com.finalproject.loanAPITests" name="getCustomerInfo" time="0.025"/>
  <testcase classname="com.finalproject.loanAPITests" name="getCustomerInfo" time="0.013"/>
  <testcase classname="com.finalproject.loanAPITests" name="getCustomerInfo" time="0.017"/>
  <testcase classname="com.finalproject.loanAPITests" name="getCustomerInfo" time="0.013"/>
  <testcase classname="com.finalproject.loanAPITests" name="getCustomerInfo" time="0.016"/>
  <testcase classname="com.finalproject.loanAPITests" name="getCreditScore" time="0.071"/>
  <testcase classname="com.finalproject.loanAPITests" name="getCreditScore" time="0.022"/>
  <testcase classname="com.finalproject.loanAPITests" name="getCreditScore" time="0.022"/>
  <testcase classname="com.finalproject.loanAPITests" name="getCreditScore" time="0.021"/>
  <testcase classname="com.finalproject.loanAPITests" name="getCreditScore" time="0.024"/>
  <testcase classname="com.finalproject.loanAPITests" name="getLoanEligibility" time="0.017"/>
  <testcase classname="com.finalproject.loanAPITests" name="getLoanEligibility" time="0.013"/>
  <testcase classname="com.finalproject.loanAPITests" name="getLoanEligibility" time="0.014"/>
  <testcase classname="com.finalproject.loanAPITests" name="getLoanEligibility" time="0.012"/>
  <testcase classname="com.finalproject.loanAPITests" name="getLoanEligibility" time="0.014"/>
  <testcase classname="com.finalproject.loanAPITests" name="getRiskAssessmentReport" time="0.028"/>
  <testcase classname="com.finalproject.loanAPITests" name="getRiskAssessmentReport" time="0.017"/>
  <testcase classname="com.finalproject.loanAPITests" name="getRiskAssessmentReport" time="0.018"/>
  <testcase classname="com.finalproject.loanAPITests" name="getRiskAssessmentReport" time="0.016"/>
  <testcase classname="com.finalproject.loanAPITests" name="getRiskAssessmentReport" time="0.017"/>
  <testcase classname="com.finalproject.loanAPITests" name="deleteLoanApplication" time="0.0">
    <ignored/>
  </testcase> <!-- deleteLoanApplication -->
  <testcase classname="com.finalproject.loanAPITests" name="pullLoanApplicationStatus" time="0.0">
    <ignored/>
  </testcase> <!-- pullLoanApplicationStatus -->
  <testcase classname="com.finalproject.loanAPITests" name="submitLoanApplication" time="0.0">
    <ignored/>
  </testcase> <!-- submitLoanApplication -->
  <testcase classname="com.finalproject.loanAPITests" name="rejectLoanApplication" time="0.0">
    <ignored/>
  </testcase> <!-- rejectLoanApplication -->
  <testcase classname="com.finalproject.loanAPITests" name="approveLoanApplication" time="0.0">
    <ignored/>
  </testcase> <!-- approveLoanApplication -->
</testsuite> <!-- Pre-submission, Submission, and Approval -->
