<?xml version="1.0" encoding="UTF-8"?>
<!-- Generated by org.testng.reporters.JUnitXMLReporter -->
<testsuite ignored="8" hostname="Alans-MacBook-Air.local" failures="0" tests="10" name="Submission and Rejection" time="0.125" errors="0" timestamp="2024-07-16T17:40:47 EDT">
  <testcase classname="com.finalproject.loanAPITests" name="submitLoanApplication" time="0.013"/>
  <testcase classname="com.finalproject.loanAPITests" name="submitLoanApplication" time="0.012"/>
  <testcase classname="com.finalproject.loanAPITests" name="submitLoanApplication" time="0.013"/>
  <testcase classname="com.finalproject.loanAPITests" name="submitLoanApplication" time="0.012"/>
  <testcase classname="com.finalproject.loanAPITests" name="submitLoanApplication" time="0.012"/>
  <testcase classname="com.finalproject.loanAPITests" name="rejectLoanApplication" time="0.011"/>
  <testcase classname="com.finalproject.loanAPITests" name="rejectLoanApplication" time="0.012"/>
  <testcase classname="com.finalproject.loanAPITests" name="rejectLoanApplication" time="0.012"/>
  <testcase classname="com.finalproject.loanAPITests" name="rejectLoanApplication" time="0.01"/>
  <testcase classname="com.finalproject.loanAPITests" name="rejectLoanApplication" time="0.01"/>
  <testcase classname="com.finalproject.loanAPITests" name="deleteLoanApplication" time="0.0">
    <ignored/>
  </testcase> <!-- deleteLoanApplication -->
  <testcase classname="com.finalproject.loanAPITests" name="pullLoanApplicationStatus" time="0.0">
    <ignored/>
  </testcase> <!-- pullLoanApplicationStatus -->
  <testcase classname="com.finalproject.loanAPITests" name="postReqUserAuth" time="0.0">
    <ignored/>
  </testcase> <!-- postReqUserAuth -->
  <testcase classname="com.finalproject.loanAPITests" name="getCustomerInfo" time="0.0">
    <ignored/>
  </testcase> <!-- getCustomerInfo -->
  <testcase classname="com.finalproject.loanAPITests" name="approveLoanApplication" time="0.0">
    <ignored/>
  </testcase> <!-- approveLoanApplication -->
  <testcase classname="com.finalproject.loanAPITests" name="getCreditScore" time="0.0">
    <ignored/>
  </testcase> <!-- getCreditScore -->
  <testcase classname="com.finalproject.loanAPITests" name="getLoanEligibility" time="0.0">
    <ignored/>
  </testcase> <!-- getLoanEligibility -->
  <testcase classname="com.finalproject.loanAPITests" name="getRiskAssessmentReport" time="0.0">
    <ignored/>
  </testcase> <!-- getRiskAssessmentReport -->
</testsuite> <!-- Submission and Rejection -->
