<?xml version="1.0" encoding="UTF-8"?>
<!-- Generated by org.testng.reporters.JUnitXMLReporter -->
<testsuite ignored="6" hostname="Alans-MacBook-Air.local" failures="0" tests="20" name="Submission, Approval, Status Check, and Deletion" time="0.253" errors="0" timestamp="2024-07-16T17:40:47 EDT">
  <testcase classname="com.finalproject.loanAPITests" name="submitLoanApplication" time="0.02"/>
  <testcase classname="com.finalproject.loanAPITests" name="submitLoanApplication" time="0.014"/>
  <testcase classname="com.finalproject.loanAPITests" name="submitLoanApplication" time="0.014"/>
  <testcase classname="com.finalproject.loanAPITests" name="submitLoanApplication" time="0.016"/>
  <testcase classname="com.finalproject.loanAPITests" name="submitLoanApplication" time="0.013"/>
  <testcase classname="com.finalproject.loanAPITests" name="approveLoanApplication" time="0.011"/>
  <testcase classname="com.finalproject.loanAPITests" name="approveLoanApplication" time="0.009"/>
  <testcase classname="com.finalproject.loanAPITests" name="approveLoanApplication" time="0.011"/>
  <testcase classname="com.finalproject.loanAPITests" name="approveLoanApplication" time="0.011"/>
  <testcase classname="com.finalproject.loanAPITests" name="approveLoanApplication" time="0.01"/>
  <testcase classname="com.finalproject.loanAPITests" name="pullLoanApplicationStatus" time="0.009"/>
  <testcase classname="com.finalproject.loanAPITests" name="pullLoanApplicationStatus" time="0.011"/>
  <testcase classname="com.finalproject.loanAPITests" name="pullLoanApplicationStatus" time="0.01"/>
  <testcase classname="com.finalproject.loanAPITests" name="pullLoanApplicationStatus" time="0.011"/>
  <testcase classname="com.finalproject.loanAPITests" name="pullLoanApplicationStatus" time="0.012"/>
  <testcase classname="com.finalproject.loanAPITests" name="deleteLoanApplication" time="0.009"/>
  <testcase classname="com.finalproject.loanAPITests" name="deleteLoanApplication" time="0.011"/>
  <testcase classname="com.finalproject.loanAPITests" name="deleteLoanApplication" time="0.009"/>
  <testcase classname="com.finalproject.loanAPITests" name="deleteLoanApplication" time="0.018"/>
  <testcase classname="com.finalproject.loanAPITests" name="deleteLoanApplication" time="0.01"/>
  <testcase classname="com.finalproject.loanAPITests" name="rejectLoanApplication" time="0.0">
    <ignored/>
  </testcase> <!-- rejectLoanApplication -->
  <testcase classname="com.finalproject.loanAPITests" name="postReqUserAuth" time="0.0">
    <ignored/>
  </testcase> <!-- postReqUserAuth -->
  <testcase classname="com.finalproject.loanAPITests" name="getCustomerInfo" time="0.0">
    <ignored/>
  </testcase> <!-- getCustomerInfo -->
  <testcase classname="com.finalproject.loanAPITests" name="getCreditScore" time="0.0">
    <ignored/>
  </testcase> <!-- getCreditScore -->
  <testcase classname="com.finalproject.loanAPITests" name="getLoanEligibility" time="0.0">
    <ignored/>
  </testcase> <!-- getLoanEligibility -->
  <testcase classname="com.finalproject.loanAPITests" name="getRiskAssessmentReport" time="0.0">
    <ignored/>
  </testcase> <!-- getRiskAssessmentReport -->
</testsuite> <!-- Submission, Approval, Status Check, and Deletion -->
